2015-12-04 17:44:09,199 - [INFO] - from play in pool-4-thread-2 
Listening for HTTP on /0:0:0:0:0:0:0:0:9000

2015-12-04 17:44:16,561 - [INFO] - from play in play-internal-execution-context-1 
datasource [jdbc:h2:file:data/db;DB_CLOSE_DELAY=-1] bound to JNDI as DefaultDS

2015-12-04 17:44:16,853 - [INFO] - from play in play-internal-execution-context-1 
database [default] connected at jdbc:h2:file:data/db

2015-12-04 17:44:17,900 - [INFO] - from play in play-internal-execution-context-1 
Application started (Dev)

2015-12-04 17:44:42,520 - [INFO] - from application in play-akka.actor.default-dispatcher-5 
http://localhost:9034/posts/getAllPostsByUserId/userId/92/json

2015-12-04 17:45:48,989 - [INFO] - from application in play-akka.actor.default-dispatcher-17 
http://localhost:9034/posts/getAllPostsByUserId/userId/92/json

2015-12-04 17:49:34,327 - [INFO] - from application in play-akka.actor.default-dispatcher-28 
http://localhost:9034/posts/getAllPostsByUserId/userId/93/json

2015-12-04 17:49:47,710 - [INFO] - from application in play-akka.actor.default-dispatcher-31 
http://localhost:9034/posts/getAllPostsByPostUserId/postUserId/93/json

2015-12-04 17:49:47,727 - [INFO] - from application in play-akka.actor.default-dispatcher-31 
http://localhost:9034/users/93

2015-12-04 17:49:51,025 - [INFO] - from application in play-akka.actor.default-dispatcher-32 
http://localhost:9034/users/93

2015-12-04 17:50:19,429 - [INFO] - from application in play-akka.actor.default-dispatcher-32 
http://localhost:9034/posts/getAllPostsByPostUserId/postUserId/93/json

2015-12-04 17:50:19,442 - [INFO] - from application in play-akka.actor.default-dispatcher-32 
http://localhost:9034/users/93

2015-12-04 17:50:30,377 - [INFO] - from application in play-akka.actor.default-dispatcher-36 
http://localhost:9034/posts/getAllPostsByUserId/userId/93/json

2015-12-04 17:55:12,926 - [INFO] - from application in play-akka.actor.default-dispatcher-35 
http://localhost:9034/posts/getAllPostsByUserId/userId/95/json

2015-12-04 17:55:12,942 - [INFO] - from application in play-akka.actor.default-dispatcher-43 
404

2015-12-04 17:55:23,746 - [INFO] - from application in play-akka.actor.default-dispatcher-35 
http://localhost:9034/posts/getAllPostsByUserId/userId/95/json

2015-12-04 17:55:23,762 - [INFO] - from application in play-akka.actor.default-dispatcher-42 
404

2015-12-04 17:56:20,696 - [INFO] - from application in play-akka.actor.default-dispatcher-45 
http://localhost:9034/posts/getAllPostsByUserId/userId/93/json

2015-12-04 17:56:33,457 - [INFO] - from application in play-akka.actor.default-dispatcher-50 
http://localhost:9034/posts/getAllPostsByUserId/userId/93/json

2015-12-04 17:56:46,865 - [INFO] - from application in play-akka.actor.default-dispatcher-54 
http://localhost:9034/posts/getAllPostsByUserId/userId/93/json

2015-12-04 17:56:46,905 - [INFO] - from application in play-akka.actor.default-dispatcher-45 
http://localhost:9034/posts/getAllPostsByUserId/userId/93/json

2015-12-04 17:56:52,313 - [INFO] - from application in play-akka.actor.default-dispatcher-48 
http://localhost:9034/posts/getAllPostsByUserId/userId/93/json

2015-12-04 17:57:00,171 - [INFO] - from application in play-akka.actor.default-dispatcher-50 
http://localhost:9034/posts/getAllPostsByUserId/userId/93/json

2015-12-04 17:57:00,210 - [INFO] - from application in play-akka.actor.default-dispatcher-50 
http://localhost:9034/posts/getAllPostsByUserId/userId/93/json

2015-12-04 17:57:09,983 - [INFO] - from application in play-akka.actor.default-dispatcher-55 
http://localhost:9034/posts/getAllPostsByUserId/userId/93/json

2015-12-04 17:57:13,879 - [INFO] - from application in play-akka.actor.default-dispatcher-58 
http://localhost:9034/posts/getAllPostsByUserId/userId/93/json

2015-12-04 17:57:13,909 - [INFO] - from application in play-akka.actor.default-dispatcher-58 
http://localhost:9034/posts/getAllPostsByUserId/userId/93/json

2015-12-04 17:57:16,378 - [INFO] - from application in play-akka.actor.default-dispatcher-50 
http://localhost:9034/posts/getAllPostsByPostUserId/postUserId/93/json

2015-12-04 17:57:16,391 - [INFO] - from application in play-akka.actor.default-dispatcher-50 
http://localhost:9034/users/93

2015-12-04 17:57:21,754 - [INFO] - from application in play-akka.actor.default-dispatcher-50 
http://localhost:9034/posts/getAllPostsByPostUserId/postUserId/93/json

2015-12-04 17:57:21,765 - [INFO] - from application in play-akka.actor.default-dispatcher-50 
http://localhost:9034/users/93

2015-12-04 17:57:26,393 - [INFO] - from application in play-akka.actor.default-dispatcher-55 
http://localhost:9034/users/93

2015-12-04 17:57:39,987 - [INFO] - from application in play-akka.actor.default-dispatcher-55 
http://localhost:9034/posts/getAllPostsByUserId/userId/93/json

2015-12-04 17:59:10,525 - [INFO] - from application in play-akka.actor.default-dispatcher-69 
http://localhost:9034/posts/getAllPostsByUserId/userId/96/json

2015-12-04 17:59:10,540 - [INFO] - from application in play-akka.actor.default-dispatcher-68 
404

2015-12-04 17:59:19,797 - [INFO] - from application in play-akka.actor.default-dispatcher-58 
http://localhost:9034/posts/getAllPostsByUserId/userId/96/json

2015-12-04 17:59:19,810 - [INFO] - from application in play-akka.actor.default-dispatcher-48 
404

2015-12-04 17:59:26,067 - [INFO] - from application in play-akka.actor.default-dispatcher-74 
http://localhost:9034/posts/getAllPostsByUserId/userId/96/json

2015-12-04 17:59:41,064 - [INFO] - from application in play-akka.actor.default-dispatcher-48 
http://localhost:9034/posts/getAllPostsByUserId/userId/96/json

2015-12-04 17:59:42,682 - [INFO] - from application in play-akka.actor.default-dispatcher-48 
http://localhost:9034/posts/getAllPostsByUserId/userId/96/json

2015-12-04 17:59:44,521 - [INFO] - from application in play-akka.actor.default-dispatcher-77 
http://localhost:9034/comments/getAllCommentsByPostId/post/139/json

2015-12-04 17:59:44,537 - [INFO] - from application in play-akka.actor.default-dispatcher-76 
404

2015-12-04 17:59:49,494 - [INFO] - from application in play-akka.actor.default-dispatcher-77 
http://localhost:9034/posts/getAllPostsByUserId/userId/96/json

2015-12-04 17:59:50,569 - [INFO] - from application in play-akka.actor.default-dispatcher-68 
http://localhost:9034/posts/getAllPostsByUserId/userId/96/json

2015-12-04 17:59:50,915 - [INFO] - from application in play-akka.actor.default-dispatcher-72 
http://localhost:9034/posts/getAllPostsByUserId/userId/96/json

2015-12-04 17:59:51,302 - [INFO] - from application in play-akka.actor.default-dispatcher-72 
http://localhost:9034/posts/getAllPostsByUserId/userId/96/json

2015-12-04 17:59:51,699 - [INFO] - from application in play-akka.actor.default-dispatcher-48 
http://localhost:9034/posts/getAllPostsByUserId/userId/96/json

2015-12-04 17:59:52,084 - [INFO] - from application in play-akka.actor.default-dispatcher-68 
http://localhost:9034/posts/getAllPostsByUserId/userId/96/json

2015-12-04 17:59:53,059 - [INFO] - from application in play-akka.actor.default-dispatcher-79 
http://localhost:9034/comments/getAllCommentsByPostId/post/139/json

2015-12-04 17:59:58,139 - [INFO] - from application in play-akka.actor.default-dispatcher-68 
http://localhost:9034/posts/getAllPostsByUserId/userId/96/json

2015-12-04 18:00:02,195 - [INFO] - from application in play-akka.actor.default-dispatcher-77 
http://localhost:9034/posts/getAllPostsByPostUserId/postUserId/96/json

2015-12-04 18:00:02,203 - [INFO] - from application in play-akka.actor.default-dispatcher-77 
http://localhost:9034/users/96

2015-12-04 18:00:06,348 - [INFO] - from application in play-akka.actor.default-dispatcher-77 
http://localhost:9034/posts/getAllPostsByPostUserId/postUserId/96/json

2015-12-04 18:00:06,358 - [INFO] - from application in play-akka.actor.default-dispatcher-77 
http://localhost:9034/users/96

2015-12-04 18:00:07,142 - [INFO] - from application in play-akka.actor.default-dispatcher-48 
http://localhost:9034/comments/getAllCommentsByPostId/post/140/json

2015-12-04 18:00:07,151 - [INFO] - from application in play-akka.actor.default-dispatcher-68 
404

2015-12-04 18:00:15,678 - [INFO] - from application in play-akka.actor.default-dispatcher-48 
http://localhost:9034/posts/getAllPostsByPostUserId/postUserId/96/json

2015-12-04 18:00:15,688 - [INFO] - from application in play-akka.actor.default-dispatcher-48 
http://localhost:9034/users/96

2015-12-04 18:00:21,926 - [INFO] - from application in play-akka.actor.default-dispatcher-75 
http://localhost:9034/users/96

2015-12-04 18:00:34,214 - [INFO] - from application in play-akka.actor.default-dispatcher-76 
http://localhost:9034/posts/getAllPostsByPostUserId/postUserId/96/json

2015-12-04 18:00:34,225 - [INFO] - from application in play-akka.actor.default-dispatcher-76 
http://localhost:9034/users/96

2015-12-04 18:00:40,687 - [INFO] - from application in play-akka.actor.default-dispatcher-81 
http://localhost:9034/posts/getAllPostsByUserId/userId/96/json

2015-12-04 18:00:48,050 - [INFO] - from application in play-akka.actor.default-dispatcher-82 
http://localhost:9034/posts/getAllPostsByUserId/userId/96/json

2015-12-04 18:01:53,451 - [INFO] - from application in play-akka.actor.default-dispatcher-81 
http://localhost:9034/posts/getAllPostsByUserId/userId/96/json

2015-12-04 18:02:10,293 - [INFO] - from application in play-akka.actor.default-dispatcher-88 
http://localhost:9034/posts/getAllPostsByUserId/userId/96/json

2015-12-04 18:02:14,648 - [INFO] - from application in play-akka.actor.default-dispatcher-81 
http://localhost:9034/posts/getAllPostsByPostUserId/postUserId/96/json

2015-12-04 18:02:14,659 - [INFO] - from application in play-akka.actor.default-dispatcher-81 
http://localhost:9034/users/96

2015-12-04 18:04:15,597 - [INFO] - from application in play-akka.actor.default-dispatcher-95 
http://localhost:9034/posts/getAllPostsByUserId/userId/96/json

2015-12-04 18:07:24,632 - [INFO] - from application in play-akka.actor.default-dispatcher-97 
http://localhost:9034/posts/getAllPostsByUserId/userId/96/json

2015-12-04 18:07:35,999 - [INFO] - from application in play-akka.actor.default-dispatcher-109 
http://localhost:9034/posts/getAllPostsByUserId/userId/96/json

2015-12-04 18:07:39,881 - [INFO] - from application in play-akka.actor.default-dispatcher-104 
http://localhost:9034/posts/getAllPostsByUserId/userId/96/json

2015-12-04 18:07:47,323 - [INFO] - from application in play-akka.actor.default-dispatcher-109 
http://localhost:9034/posts/getAllPostsByUserId/userId/96/json

2015-12-04 18:07:47,346 - [INFO] - from application in play-akka.actor.default-dispatcher-105 
http://localhost:9034/posts/getAllPostsByUserId/userId/96/json

2015-12-04 18:07:50,082 - [INFO] - from application in play-akka.actor.default-dispatcher-105 
http://localhost:9034/comments/getAllCommentsByPostId/post/142/json

2015-12-04 18:07:50,107 - [INFO] - from application in play-akka.actor.default-dispatcher-104 
404

2015-12-04 18:07:51,217 - [INFO] - from application in play-akka.actor.default-dispatcher-105 
http://localhost:9034/comments/getAllCommentsByPostId/post/141/json

2015-12-04 18:07:51,225 - [INFO] - from application in play-akka.actor.default-dispatcher-104 
404

2015-12-04 18:07:52,757 - [INFO] - from application in play-akka.actor.default-dispatcher-105 
http://localhost:9034/comments/getAllCommentsByPostId/post/139/json

2015-12-04 18:08:02,570 - [INFO] - from application in play-akka.actor.default-dispatcher-109 
http://localhost:9034/posts/getAllPostsByPostUserId/postUserId/96/json

2015-12-04 18:08:02,579 - [INFO] - from application in play-akka.actor.default-dispatcher-109 
http://localhost:9034/users/96

2015-12-04 18:08:06,655 - [INFO] - from application in play-akka.actor.default-dispatcher-111 
http://localhost:9034/users/96

2015-12-04 18:08:13,018 - [INFO] - from application in play-akka.actor.default-dispatcher-112 
http://localhost:9034/posts/getAllPostsByPostUserId/postUserId/96/json

2015-12-04 18:08:13,032 - [INFO] - from application in play-akka.actor.default-dispatcher-112 
http://localhost:9034/users/96

2015-12-04 18:08:19,343 - [INFO] - from application in play-akka.actor.default-dispatcher-113 
http://localhost:9034/posts/getAllPostsByUserId/userId/96/json

2015-12-04 18:08:36,806 - [INFO] - from application in play-akka.actor.default-dispatcher-111 
http://localhost:9034/posts/getAllPostsByUserId/userId/96/json

2015-12-04 18:08:54,835 - [INFO] - from application in play-akka.actor.default-dispatcher-117 
http://localhost:9034/posts/getAllPostsByUserId/userId/96/json

2015-12-04 18:08:58,474 - [INFO] - from application in play-akka.actor.default-dispatcher-111 
http://localhost:9034/posts/getAllPostsByUserId/userId/96/json

2015-12-04 18:09:04,573 - [INFO] - from application in play-akka.actor.default-dispatcher-116 
http://localhost:9034/posts/getAllPostsByPostUserId/postUserId/96/json

2015-12-04 18:09:04,586 - [INFO] - from application in play-akka.actor.default-dispatcher-116 
http://localhost:9034/users/96

2015-12-04 18:09:06,411 - [INFO] - from application in play-akka.actor.default-dispatcher-116 
http://localhost:9034/users/96

2015-12-04 18:09:12,849 - [INFO] - from application in play-akka.actor.default-dispatcher-116 
http://localhost:9034/posts/getAllPostsByPostUserId/postUserId/96/json

2015-12-04 18:09:12,859 - [INFO] - from application in play-akka.actor.default-dispatcher-116 
http://localhost:9034/users/96

2015-12-04 18:09:20,122 - [INFO] - from application in play-akka.actor.default-dispatcher-112 
http://localhost:9034/posts/getAllPostsByUserId/userId/96/json

2015-12-04 18:09:26,555 - [INFO] - from application in play-akka.actor.default-dispatcher-112 
http://localhost:9034/posts/getAllPostsByPostUserId/postUserId/96/json

2015-12-04 18:09:26,562 - [INFO] - from application in play-akka.actor.default-dispatcher-112 
http://localhost:9034/users/96

2015-12-04 18:09:37,187 - [INFO] - from application in play-akka.actor.default-dispatcher-116 
http://localhost:9034/posts/getAllPostsByPostUserId/postUserId/96/json

2015-12-04 18:09:37,195 - [INFO] - from application in play-akka.actor.default-dispatcher-116 
http://localhost:9034/users/96

2015-12-04 18:09:41,927 - [INFO] - from application in play-akka.actor.default-dispatcher-105 
http://localhost:9034/posts/getAllPostsByUserId/userId/96/json

2015-12-04 18:09:46,003 - [INFO] - from application in play-akka.actor.default-dispatcher-116 
http://localhost:9034/posts/getAllPostsByUserId/userId/96/json

2015-12-04 18:09:48,517 - [INFO] - from application in play-akka.actor.default-dispatcher-105 
http://localhost:9034/posts/getAllPostsByUserId/userId/96/json

2015-12-04 18:09:48,546 - [INFO] - from application in play-akka.actor.default-dispatcher-116 
http://localhost:9034/posts/getAllPostsByUserId/userId/96/json

